  stdafx.cpp
  unittest1.cpp
     Creating library C:\Users\Patrick\Dropbox\ECEE2080\week3\StackQueues\Debug\StackQueueTests.lib and object C:\Users\Patrick\Dropbox\ECEE2080\week3\StackQueues\Debug\StackQueueTests.exp
unittest1.obj : error LNK2019: unresolved external symbol "__declspec(dllimport) public: __thiscall ArrayBasedStack::ArrayBasedStack(void)" (__imp_??0ArrayBasedStack@@QAE@XZ) referenced in function "public: void __thiscall StackQueueTests::UnitTest1::StackTests_IsEmpty1(void)" (?StackTests_IsEmpty1@UnitTest1@StackQueueTests@@QAEXXZ)
unittest1.obj : error LNK2019: unresolved external symbol "__declspec(dllimport) public: virtual __thiscall ArrayBasedStack::~ArrayBasedStack(void)" (__imp_??1ArrayBasedStack@@UAE@XZ) referenced in function "public: void __thiscall StackQueueTests::UnitTest1::StackTests_IsEmpty1(void)" (?StackTests_IsEmpty1@UnitTest1@StackQueueTests@@QAEXXZ)
unittest1.obj : error LNK2019: unresolved external symbol "__declspec(dllimport) public: virtual bool __thiscall ArrayBasedStack::isEmpty(void)const " (__imp_?isEmpty@ArrayBasedStack@@UBE_NXZ) referenced in function "public: void __thiscall StackQueueTests::UnitTest1::StackTests_IsEmpty1(void)" (?StackTests_IsEmpty1@UnitTest1@StackQueueTests@@QAEXXZ)
unittest1.obj : error LNK2019: unresolved external symbol "__declspec(dllimport) public: virtual bool __thiscall ArrayBasedStack::push(int)" (__imp_?push@ArrayBasedStack@@UAE_NH@Z) referenced in function "public: void __thiscall StackQueueTests::UnitTest1::StackTests_IsEmpty2(void)" (?StackTests_IsEmpty2@UnitTest1@StackQueueTests@@QAEXXZ)
unittest1.obj : error LNK2019: unresolved external symbol "__declspec(dllimport) public: virtual bool __thiscall ArrayBasedStack::pop(void)" (__imp_?pop@ArrayBasedStack@@UAE_NXZ) referenced in function "public: void __thiscall StackQueueTests::UnitTest1::StackTests_IsEmpty3(void)" (?StackTests_IsEmpty3@UnitTest1@StackQueueTests@@QAEXXZ)
unittest1.obj : error LNK2019: unresolved external symbol "__declspec(dllimport) public: __thiscall ArrayBasedQueue::ArrayBasedQueue(void)" (__imp_??0ArrayBasedQueue@@QAE@XZ) referenced in function "public: void __thiscall StackQueueTests::UnitTest1::QueueTests_DeQueue1(void)" (?QueueTests_DeQueue1@UnitTest1@StackQueueTests@@QAEXXZ)
unittest1.obj : error LNK2019: unresolved external symbol "__declspec(dllimport) public: virtual __thiscall ArrayBasedQueue::~ArrayBasedQueue(void)" (__imp_??1ArrayBasedQueue@@UAE@XZ) referenced in function __catch$?QueueTests_DeQueue1@UnitTest1@StackQueueTests@@QAEXXZ$0
unittest1.obj : error LNK2019: unresolved external symbol "__declspec(dllimport) public: virtual bool __thiscall ArrayBasedQueue::isEmpty(void)const " (__imp_?isEmpty@ArrayBasedQueue@@UBE_NXZ) referenced in function "public: void __thiscall StackQueueTests::UnitTest1::QueueTests_DeQueue1(void)" (?QueueTests_DeQueue1@UnitTest1@StackQueueTests@@QAEXXZ)
unittest1.obj : error LNK2019: unresolved external symbol "__declspec(dllimport) public: virtual bool __thiscall ArrayBasedQueue::enQueue(class std::basic_string<char,struct std::char_traits<char>,class std::allocator<char> >)" (__imp_?enQueue@ArrayBasedQueue@@UAE_NV?$basic_string@DU?$char_traits@D@std@@V?$allocator@D@2@@std@@@Z) referenced in function "public: void __thiscall StackQueueTests::UnitTest1::QueueTests_DeQueue2(void)" (?QueueTests_DeQueue2@UnitTest1@StackQueueTests@@QAEXXZ)
unittest1.obj : error LNK2019: unresolved external symbol "__declspec(dllimport) public: virtual bool __thiscall ArrayBasedQueue::deQueue(void)" (__imp_?deQueue@ArrayBasedQueue@@UAE_NXZ) referenced in function "public: void __thiscall StackQueueTests::UnitTest1::QueueTests_DeQueue2(void)" (?QueueTests_DeQueue2@UnitTest1@StackQueueTests@@QAEXXZ)
C:\Users\Patrick\Dropbox\ECEE2080\week3\StackQueues\Debug\StackQueueTests.dll : fatal error LNK1120: 10 unresolved externals
